Arguments: 
  C:\Program Files\nodejs\node.exe C:\Users\Soul\AppData\Roaming\npm\node_modules\yarn\bin\yarn.js install

PATH: 
  C:\Users\Soul\bin;C:\Program Files\Git\mingw64\bin;C:\Program Files\Git\usr\local\bin;C:\Program Files\Git\usr\bin;C:\Program Files\Git\usr\bin;C:\Program Files\Git\mingw64\bin;C:\Program Files\Git\usr\bin;C:\Users\Soul\bin;C:\Windows\system32;C:\Windows;C:\Windows\System32\Wbem;C:\Windows\System32\WindowsPowerShell\v1.0;C:\Windows\System32\OpenSSH;C:\ProgramData\chocolatey\bin;C:\Program Files\nodejs;C:\Program Files\Git\cmd;C:\ProgramData\ComposerSetup\bin;C:\wamp64\bin\php\php8.2.0;C:\Users\Soul\AppData\Local\Microsoft\WindowsApps;C:\Users\Soul\AppData\Local\Programs\Microsoft VS Code\bin;C:\Users\Soul\AppData\Roaming\npm;C:\Users\Soul\AppData\Roaming\Composer\vendor\bin;C:\Program Files\Git\usr\bin\vendor_perl;C:\Program Files\Git\usr\bin\core_perl

Yarn version: 
  1.22.19

Node version: 
  18.16.0

Platform: 
  win32 x64

Trace: 
  Error: https://registry.yarnpkg.com/@mui/icons-material/-/icons-material-5.14.9.tgz: ESOCKETTIMEDOUT
      at ClientRequest.<anonymous> (C:\Users\Soul\AppData\Roaming\npm\node_modules\yarn\lib\cli.js:141517:19)
      at Object.onceWrapper (node:events:627:28)
      at ClientRequest.emit (node:events:513:28)
      at TLSSocket.emitRequestTimeout (node:_http_client:848:9)
      at Object.onceWrapper (node:events:627:28)
      at TLSSocket.emit (node:events:525:35)
      at Socket._onTimeout (node:net:570:8)
      at listOnTimeout (node:internal/timers:569:17)
      at process.processTimers (node:internal/timers:512:7)

npm manifest: 
  {
    "name": "venuematch",
    "private": true,
    "version": "0.0.0",
    "type": "module",
    "engines": {
      "node": ">=16"
    },
    "scripts": {
      "dev": "vite",
      "build": "tsc && vite build",
      "lint": "eslint src --ext ts,tsx --report-unused-disable-directives --max-warnings 0",
      "preview": "vite preview",
      "deploy": "gh-pages -d docs"
    },
    "dependencies": {
      "@emotion/react": "^11.11.1",
      "@emotion/styled": "^11.11.0",
      "@fortawesome/fontawesome-svg-core": "^6.4.0",
      "@fortawesome/free-brands-svg-icons": "^6.4.0",
      "@fortawesome/free-regular-svg-icons": "^6.4.0",
      "@fortawesome/free-solid-svg-icons": "^6.4.0",
      "@fortawesome/react-fontawesome": "^0.2.0",
      "@hookform/resolvers": "^3.1.1",
      "@mantine/carousel": "^6.0.13",
      "@mantine/core": "^6.0.13",
      "@mantine/dates": "^6.0.13",
      "@mantine/dropzone": "^6.0.13",
      "@mantine/ds": "^6.0.13",
      "@mantine/form": "^6.0.13",
      "@mantine/hooks": "^6.0.13",
      "@mantine/modals": "^6.0.13",
      "@mantine/notifications": "^6.0.13",
      "@mantine/nprogress": "^6.0.13",
      "@mantine/prism": "^6.0.13",
      "@mui/icons-material": "^5.13.7",
      "@mui/material": "^5.13.7",
      "@mui/styled-engine-sc": "^5.12.0",
      "@mui/system": "^5.13.7",
      "@mui/x-data-grid": "^6.9.1",
      "@tabler/icons-react": "^2.22.0",
      "@tanstack/react-query": "^4.29.15",
      "@types/js-cookie": "^3.0.3",
      "axios": "^1.4.0",
      "dayjs": "^1.11.8",
      "embla-carousel-react": "^8.0.0-rc07",
      "js-cookie": "^3.0.5",
      "material-ui-icons": "^1.0.0-beta.36",
      "react": "^18.2.0",
      "react-axios": "^2.0.6",
      "react-circular-progressbar": "^2.1.0",
      "react-dom": "^18.2.0",
      "react-hook-form": "^7.45.1",
      "react-router-dom": "^6.14.1",
      "recharts": "^2.7.2",
      "sass": "^1.63.6",
      "styled-components": "^5.3.3",
      "tailwindcss": "^3.3.2",
      "zod": "^3.21.4"
    },
    "devDependencies": {
      "@types/react": "^18.0.37",
      "@types/react-dom": "^18.0.11",
      "@typescript-eslint/eslint-plugin": "^5.59.0",
      "@typescript-eslint/parser": "^5.59.0",
      "@vitejs/plugin-react": "^4.0.0",
      "autoprefixer": "^10.4.14",
      "eslint": "^8.38.0",
      "eslint-plugin-react-hooks": "^4.6.0",
      "eslint-plugin-react-refresh": "^0.3.4",
      "gh-pages": "^6.0.0",
      "postcss": "^8.4.24",
      "typescript": "^5.0.2",
      "vite": "^4.3.9"
    }
  }

yarn manifest: 
  No manifest

Lockfile: 
  No lockfile
